<?xml version="1.0" encoding="UTF-8"?>
<testsuite name="pl.pjatk.rent4car.service.RentalServiceTest" tests="1" skipped="0" failures="0" errors="0" timestamp="2022-11-13T16:10:24" hostname="LAB207W-08" time="0.02">
  <properties/>
  <testcase name="shouldNotBeAbleToRentACar()" classname="pl.pjatk.rent4car.service.RentalServiceTest" time="0.02"/>
  <system-out><![CDATA[]]></system-out>
  <system-err><![CDATA[]]></system-err>
</testsuite>
